<?xml version="1.0" encoding="UTF-8"?>
<!-- Generated by org.testng.reporters.JUnitXMLReporter -->
<testsuite hostname="DESKTOP-K7L8TBA" ignored="0" name="Default test" tests="5" failures="0" timestamp="2020-01-16T00:24:19 EST" time="74.36" errors="0">
  <testcase name="empAdd" time="2.811" classname="com.class03.HW"/>
  <testcase name="empAdd" time="2.746" classname="com.class03.HW"/>
  <testcase name="empAdd" time="3.002" classname="com.class03.HW"/>
  <testcase name="empAdd" time="2.768" classname="com.class03.HW"/>
  <testcase name="empAdd" time="2.579" classname="com.class03.HW"/>
</testsuite> <!-- Default test -->
