<?xml version="1.0" encoding="UTF-8"?>
<!-- Generated by org.testng.reporters.JUnitXMLReporter -->
<testsuite hostname="DESKTOP-K7L8TBA" ignored="4" name="Regression Test" tests="5" failures="0" timestamp="2020-01-16T22:04:47 EST" time="72.395" errors="0">
  <testcase name="empAdd" time="2.796" classname="com.class03.HW"/>
  <testcase name="empAdd" time="2.706" classname="com.class03.HW"/>
  <testcase name="empAdd" time="3.153" classname="com.class03.HW"/>
  <testcase name="empAdd" time="3.724" classname="com.class03.HW"/>
  <testcase name="empAdd" time="2.609" classname="com.class03.HW"/>
  <testcase name="testMethod" time="0.0" classname="com.class03.AlwaysRun">
    <ignored/>
  </testcase> <!-- testMethod -->
  <testcase name="testMethod1" time="0.0" classname="com.class03.AlwaysRun">
    <ignored/>
  </testcase> <!-- testMethod1 -->
  <testcase name="login" time="0.0" classname="com.class03.DataProviderDemo">
    <ignored/>
  </testcase> <!-- login -->
  <testcase name="testOne" time="0.0" classname="com.class03.AssertionReviewDemo">
    <ignored/>
  </testcase> <!-- testOne -->
</testsuite> <!-- Regression Test -->
